<?xml version="1.0" encoding="UTF-8"?>
<!-- Generated by org.testng.reporters.JUnitReportReporter -->
<testsuite hostname="LAPTOP-MVN1TR0E" failures="0" tests="1" name="testng.TC_01" time="0.015" errors="0" timestamp="2023-03-28T16:15:58 IST" skipped="0">
  <testcase classname="testng.TC_01" name="justTesting" time="0.015"/>
  <system-out/>
</testsuite> <!-- testng.TC_01 -->
